C:\Program Files (x86)\Microsoft Visual Studio\2017\Community\Common7\IDE\VC\VCTargets\Platforms\Win32\PlatformToolsets\v141_xp\Toolset.targets(39,5): warning MSB8051: Windows XP como opción de destino está en desuso y no se incluirá en las próximas versiones de Visual Studio. Consulte https://go.microsoft.com/fwlink/?linkid=2023588 para obtener más información.
  kull_m_asn1.c
  kull_m_busylight.c
  kull_m_cred.c
  kull_m_crypto.c
  kull_m_dpapi.c
  kull_m_file.c
  kull_m_handle.c
  kull_m_kernel.c
  kull_m_key.c
  kull_m_net.c
  kull_m_memory.c
  kull_m_minidump.c
  kull_m_output.c
  kull_m_patch.c
  kull_m_process.c
  kull_m_registry.c
  kull_m_remotelib.c
  kull_m_rpc.c
  kull_m_rpc_bkrp.c
  kull_m_rpc_dpapi-entries.c
  Compilando...
  kull_m_rpc_drsr.c
  kull_m_rpc_mimicom.c
  kull_m_rpc_ms-bkrp_c.c
  kull_m_rpc_ms-claims.c
  kull_m_rpc_ms-credentialkeys.c
  kull_m_rpc_ms-drsr_c.c
  kull_m_rpc_ms-pac.c
  kull_m_service.c
  kull_m_string.c
  kull_m_token.c
  kull_m_xml.c
  mimikatz.c
  kuhl_m_crypto_extractor.c
  kuhl_m_dpapi.c
  kuhl_m_dpapi_oe.c
  kuhl_m_dpapi_chrome.c
  kuhl_m_dpapi_creds.c
  kuhl_m_dpapi_keys.c
  kuhl_m_dpapi_wlan.c
  kuhl_m_kerberos.c
  Compilando...
  kuhl_m_kerberos_ccache.c
  kuhl_m_kerberos_claims.c
  kuhl_m_kerberos_pac.c
  kuhl_m_kerberos_ticket.c
  kuhl_m_busylight.c
  kuhl_m_crypto.c
  kuhl_m_event.c
  kuhl_m_iis.c
  kuhl_m_kernel.c
  kuhl_m_lsadump.c
  kuhl_m_lsadump_remote.c
  kuhl_m_misc.c
  kuhl_m_net.c
  kuhl_m_privilege.c
  kuhl_m_process.c
  kuhl_m_rpc.c
  kuhl_m_service.c
  kuhl_m_service_remote.c
  kuhl_m_sid.c
  kuhl_m_standard.c
  Compilando...
  kuhl_m_sysenvvalue.c
  kuhl_m_token.c
  kuhl_m_ts.c
  kuhl_m_vault.c
  kuhl_m_minesweeper.c
  kuhl_m_sekurlsa_nt5.c
  kuhl_m_sekurlsa_nt6.c
  kuhl_m_sekurlsa_nt63.c
  kuhl_m_sekurlsa.c
  kuhl_m_sekurlsa_utils.c
  kuhl_m_sekurlsa_credman.c
  kuhl_m_sekurlsa_dpapi.c
  kuhl_m_sekurlsa_kerberos.c
  kuhl_m_sekurlsa_livessp.c
  kuhl_m_sekurlsa_msv1_0.c
  kuhl_m_sekurlsa_ssp.c
  kuhl_m_sekurlsa_tspkg.c
  kuhl_m_sekurlsa_wdigest.c
  sqlite3_omit.c
  Generando código
  Generación de código finalizada
  mimikatz.vcxproj -> C:\Users\sdt\Desktop\mimikatz-master\Win32\mimikatz.exe
